
/home/runner/work/exp-optimal-pollinators-au/exp-optimal-pollinators-au/experiment/simulation/js/chart.js
  2:7  warning  'Chart' is assigned a value but never used  no-unused-vars

/home/runner/work/exp-optimal-pollinators-au/exp-optimal-pollinators-au/experiment/simulation/js/common.js
   3:10   warning  'dl' is defined but never used           no-unused-vars
   4:10   warning  'downloadPNG' is defined but never used  no-unused-vars
   6:10   warning  'setLegend' is defined but never used    no-unused-vars
   7:10   warning  'saveRun' is defined but never used      no-unused-vars
   8:10   warning  'loadRun' is defined but never used      no-unused-vars
   8:291  warning  'sync' is not defined                    no-undef
  11:10   warning  'renderField' is defined but never used  no-unused-vars
  18:10   warning  'toggleFS' is defined but never used     no-unused-vars

/home/runner/work/exp-optimal-pollinators-au/exp-optimal-pollinators-au/experiment/simulation/js/main.js
   9:64   warning  'Chart' is not defined                   no-undef
   9:188  warning  'setLegend' is not defined               no-undef
  10:106  warning  'Chart' is not defined                   no-undef
  10:244  warning  'setLegend' is not defined               no-undef
  14:10   warning  'resetSim' is defined but never used     no-unused-vars
  14:140  warning  'toast' is not defined                   no-undef
  15:10   warning  'downloadCSV' is defined but never used  no-unused-vars
  15:34   warning  'toast' is not defined                   no-undef
  15:195  warning  'dl' is not defined                      no-undef
  15:232  warning  'toast' is not defined                   no-undef

✖ 19 problems (0 errors, 19 warnings)

